<?xml version="1.0" encoding="UTF-8"?>
<!-- Generated by org.testng.reporters.JUnitReportReporter -->
<testsuite hostname="DESKTOP-Q5PKL2R" failures="0" tests="1" name="com.Salesforce.Test.OpportunitiesPageTCs" time="12.808" errors="0" timestamp="2022-05-08T18:51:21 PDT" skipped="0">
  <testcase classname="com.Salesforce.Test.OpportunitiesPageTCs" name="TC15goToOpportunityTab" time="12.808"/>
  <system-out/>
</testsuite> <!-- com.Salesforce.Test.OpportunitiesPageTCs -->
