<?xml version="1.0" encoding="UTF-8"?>
<!-- Generated by org.testng.reporters.JUnitReportReporter -->
<testsuite hostname="DESKTOP-Q5PKL2R" failures="0" tests="1" name="com.Salesforce.Test.AccountsPageTCs" time="29.221" errors="0" timestamp="2022-05-13T00:07:39 PDT" skipped="0">
  <testcase classname="com.Salesforce.Test.AccountsPageTCs" name="TC10newAccountSetup" time="29.221"/>
  <system-out/>
</testsuite> <!-- com.Salesforce.Test.AccountsPageTCs -->
