<?xml version="1.0" encoding="UTF-8"?>
<!-- Generated by org.testng.reporters.JUnitReportReporter -->
<testsuite hostname="DESKTOP-Q5PKL2R" failures="0" tests="1" name="com.Salesforce.Test.LeadsPageTCs" time="22.251" errors="0" timestamp="2022-05-08T19:14:04 PDT" skipped="0">
  <testcase classname="com.Salesforce.Test.LeadsPageTCs" name="TC24createNewLead" time="22.251"/>
  <system-out/>
</testsuite> <!-- com.Salesforce.Test.LeadsPageTCs -->
